[2.687s] Invoking command in '/home/shree/ros2_ws/src1/my_py_amr': DEBUGINFOD_URLS=https://debuginfod.ubuntu.com PYTHONPATH=/home/shree/ros2_ws/src1/build/my_py_amr/prefix_override:/usr/lib/python3/dist-packages/colcon_core/task/python/colcon_distutils_commands:/home/shree/ros2_ws/src1/install/my_py_amr/lib/python3.12/site-packages:${PYTHONPATH} /usr/bin/python3 -W ignore:setup.py install is deprecated -W ignore:easy_install command is deprecated setup.py egg_info --egg-base ../build/my_py_amr build --build-base /home/shree/ros2_ws/src1/build/my_py_amr/build install --record /home/shree/ros2_ws/src1/build/my_py_amr/install.log --single-version-externally-managed install_data
[3.384s] running egg_info
[3.433s] writing ../build/my_py_amr/my_py_amr.egg-info/PKG-INFO
[3.433s] writing dependency_links to ../build/my_py_amr/my_py_amr.egg-info/dependency_links.txt
[3.434s] writing entry points to ../build/my_py_amr/my_py_amr.egg-info/entry_points.txt
[3.434s] writing requirements to ../build/my_py_amr/my_py_amr.egg-info/requires.txt
[3.434s] writing top-level names to ../build/my_py_amr/my_py_amr.egg-info/top_level.txt
[3.519s] reading manifest file '../build/my_py_amr/my_py_amr.egg-info/SOURCES.txt'
[3.523s] writing manifest file '../build/my_py_amr/my_py_amr.egg-info/SOURCES.txt'
[3.525s] running build
[3.525s] running build_py
[3.526s] copying my_py_amr/republish_cmd_vel.py -> /home/shree/ros2_ws/src1/build/my_py_amr/build/lib/my_py_amr
[3.526s] copying my_py_amr/camera_bridge_node.py -> /home/shree/ros2_ws/src1/build/my_py_amr/build/lib/my_py_amr
[3.526s] copying my_py_amr/top_down_marker_tf.py -> /home/shree/ros2_ws/src1/build/my_py_amr/build/lib/my_py_amr
[3.526s] running install
[3.540s] running install_lib
[3.587s] copying /home/shree/ros2_ws/src1/build/my_py_amr/build/lib/my_py_amr/republish_cmd_vel.py -> /home/shree/ros2_ws/src1/install/my_py_amr/lib/python3.12/site-packages/my_py_amr
[3.588s] copying /home/shree/ros2_ws/src1/build/my_py_amr/build/lib/my_py_amr/camera_bridge_node.py -> /home/shree/ros2_ws/src1/install/my_py_amr/lib/python3.12/site-packages/my_py_amr
[3.588s] copying /home/shree/ros2_ws/src1/build/my_py_amr/build/lib/my_py_amr/top_down_marker_tf.py -> /home/shree/ros2_ws/src1/install/my_py_amr/lib/python3.12/site-packages/my_py_amr
[3.590s] byte-compiling /home/shree/ros2_ws/src1/install/my_py_amr/lib/python3.12/site-packages/my_py_amr/republish_cmd_vel.py to republish_cmd_vel.cpython-312.pyc
[3.592s] byte-compiling /home/shree/ros2_ws/src1/install/my_py_amr/lib/python3.12/site-packages/my_py_amr/camera_bridge_node.py to camera_bridge_node.cpython-312.pyc
[3.593s] byte-compiling /home/shree/ros2_ws/src1/install/my_py_amr/lib/python3.12/site-packages/my_py_amr/top_down_marker_tf.py to top_down_marker_tf.cpython-312.pyc
[3.601s] running install_data
[3.601s] copying package.xml -> /home/shree/ros2_ws/src1/install/my_py_amr/share/my_py_amr
[3.601s] copying launch/camera_bridge_launch.py -> /home/shree/ros2_ws/src1/install/my_py_amr/share/my_py_amr/launch
[3.601s] running install_egg_info
[3.656s] removing '/home/shree/ros2_ws/src1/install/my_py_amr/lib/python3.12/site-packages/my_py_amr-0.0.0-py3.12.egg-info' (and everything under it)
[3.657s] Copying ../build/my_py_amr/my_py_amr.egg-info to /home/shree/ros2_ws/src1/install/my_py_amr/lib/python3.12/site-packages/my_py_amr-0.0.0-py3.12.egg-info
[3.660s] running install_scripts
[4.016s] Installing camera_bridge script to /home/shree/ros2_ws/src1/install/my_py_amr/lib/my_py_amr
[4.021s] Installing image_to_occupancy script to /home/shree/ros2_ws/src1/install/my_py_amr/lib/my_py_amr
[4.022s] Installing republish_cmd_vel script to /home/shree/ros2_ws/src1/install/my_py_amr/lib/my_py_amr
[4.022s] Installing top_down_marker_tf script to /home/shree/ros2_ws/src1/install/my_py_amr/lib/my_py_amr
[4.024s] writing list of installed files to '/home/shree/ros2_ws/src1/build/my_py_amr/install.log'
[4.147s] Invoked command in '/home/shree/ros2_ws/src1/my_py_amr' returned '0': DEBUGINFOD_URLS=https://debuginfod.ubuntu.com PYTHONPATH=/home/shree/ros2_ws/src1/build/my_py_amr/prefix_override:/usr/lib/python3/dist-packages/colcon_core/task/python/colcon_distutils_commands:/home/shree/ros2_ws/src1/install/my_py_amr/lib/python3.12/site-packages:${PYTHONPATH} /usr/bin/python3 -W ignore:setup.py install is deprecated -W ignore:easy_install command is deprecated setup.py egg_info --egg-base ../build/my_py_amr build --build-base /home/shree/ros2_ws/src1/build/my_py_amr/build install --record /home/shree/ros2_ws/src1/build/my_py_amr/install.log --single-version-externally-managed install_data
