[0.389s] DEBUG:colcon:Command line arguments: ['/usr/bin/colcon', 'build', '--packages-select', 'my_py_amr']
[0.390s] DEBUG:colcon:Parsed command line arguments: Namespace(log_base=None, log_level=None, verb_name='build', build_base='build', install_base='install', merge_install=False, symlink_install=False, test_result_base=None, continue_on_error=False, executor='parallel', parallel_workers=12, event_handlers=None, ignore_user_meta=False, metas=['./colcon.meta'], base_paths=['.'], packages_ignore=None, packages_ignore_regex=None, paths=None, packages_up_to=None, packages_up_to_regex=None, packages_above=None, packages_above_and_dependencies=None, packages_above_depth=None, packages_select_by_dep=None, packages_skip_by_dep=None, packages_skip_up_to=None, packages_select_build_failed=False, packages_skip_build_finished=False, packages_select_test_failures=False, packages_skip_test_passed=False, packages_select=['my_py_amr'], packages_skip=None, packages_select_regex=None, packages_skip_regex=None, packages_start=None, packages_end=None, allow_overriding=[], cmake_args=None, cmake_target=None, cmake_target_skip_unavailable=False, cmake_clean_cache=False, cmake_clean_first=False, cmake_force_configure=False, ament_cmake_args=None, catkin_cmake_args=None, catkin_skip_building_tests=False, mixin_files=None, mixin=None, verb_parser=<colcon_mixin.mixin.mixin_argument.MixinArgumentDecorator object at 0x73ea8e9a1ee0>, verb_extension=<colcon_core.verb.build.BuildVerb object at 0x73ea8e91d820>, main=<bound method BuildVerb.main of <colcon_core.verb.build.BuildVerb object at 0x73ea8e91d820>>, mixin_verb=('build',))
[0.515s] Level 1:colcon.colcon_core.package_discovery:discover_packages(colcon_meta) check parameters
[0.515s] Level 1:colcon.colcon_core.package_discovery:discover_packages(recursive) check parameters
[0.515s] Level 1:colcon.colcon_core.package_discovery:discover_packages(ignore) check parameters
[0.515s] Level 1:colcon.colcon_core.package_discovery:discover_packages(path) check parameters
[0.515s] Level 1:colcon.colcon_core.package_discovery:discover_packages(colcon_meta) discover
[0.515s] Level 1:colcon.colcon_core.package_discovery:discover_packages(recursive) discover
[0.516s] INFO:colcon.colcon_core.package_discovery:Crawling recursively for packages in '/home/shree/ros2_ws/src1'
[0.516s] Level 1:colcon.colcon_core.package_identification:_identify(.) by extensions ['ignore', 'ignore_ament_install']
[0.516s] Level 1:colcon.colcon_core.package_identification:_identify(.) by extension 'ignore'
[0.516s] Level 1:colcon.colcon_core.package_identification:_identify(.) by extension 'ignore_ament_install'
[0.516s] Level 1:colcon.colcon_core.package_identification:_identify(.) by extensions ['colcon_pkg']
[0.516s] Level 1:colcon.colcon_core.package_identification:_identify(.) by extension 'colcon_pkg'
[0.516s] Level 1:colcon.colcon_core.package_identification:_identify(.) by extensions ['colcon_meta']
[0.517s] Level 1:colcon.colcon_core.package_identification:_identify(.) by extension 'colcon_meta'
[0.517s] Level 1:colcon.colcon_core.package_identification:_identify(.) by extensions ['ros']
[0.517s] Level 1:colcon.colcon_core.package_identification:_identify(.) by extension 'ros'
[0.595s] Level 1:colcon.colcon_core.package_identification:_identify(.) by extensions ['cmake', 'python']
[0.595s] Level 1:colcon.colcon_core.package_identification:_identify(.) by extension 'cmake'
[0.596s] Level 1:colcon.colcon_core.package_identification:_identify(.) by extension 'python'
[0.596s] Level 1:colcon.colcon_core.package_identification:_identify(.) by extensions ['python_setup_py']
[0.596s] Level 1:colcon.colcon_core.package_identification:_identify(.) by extension 'python_setup_py'
[0.596s] Level 1:colcon.colcon_core.package_identification:_identify(build) by extensions ['ignore', 'ignore_ament_install']
[0.596s] Level 1:colcon.colcon_core.package_identification:_identify(build) by extension 'ignore'
[0.597s] Level 1:colcon.colcon_core.package_identification:_identify(build) ignored
[0.597s] Level 1:colcon.colcon_core.package_identification:_identify(install) by extensions ['ignore', 'ignore_ament_install']
[0.597s] Level 1:colcon.colcon_core.package_identification:_identify(install) by extension 'ignore'
[0.597s] Level 1:colcon.colcon_core.package_identification:_identify(install) ignored
[0.597s] Level 1:colcon.colcon_core.package_identification:_identify(log) by extensions ['ignore', 'ignore_ament_install']
[0.597s] Level 1:colcon.colcon_core.package_identification:_identify(log) by extension 'ignore'
[0.597s] Level 1:colcon.colcon_core.package_identification:_identify(log) ignored
[0.598s] Level 1:colcon.colcon_core.package_identification:_identify(my_py_amr) by extensions ['ignore', 'ignore_ament_install']
[0.598s] Level 1:colcon.colcon_core.package_identification:_identify(my_py_amr) by extension 'ignore'
[0.598s] Level 1:colcon.colcon_core.package_identification:_identify(my_py_amr) by extension 'ignore_ament_install'
[0.598s] Level 1:colcon.colcon_core.package_identification:_identify(my_py_amr) by extensions ['colcon_pkg']
[0.599s] Level 1:colcon.colcon_core.package_identification:_identify(my_py_amr) by extension 'colcon_pkg'
[0.599s] Level 1:colcon.colcon_core.package_identification:_identify(my_py_amr) by extensions ['colcon_meta']
[0.599s] Level 1:colcon.colcon_core.package_identification:_identify(my_py_amr) by extension 'colcon_meta'
[0.599s] Level 1:colcon.colcon_core.package_identification:_identify(my_py_amr) by extensions ['ros']
[0.599s] Level 1:colcon.colcon_core.package_identification:_identify(my_py_amr) by extension 'ros'
[0.607s] DEBUG:colcon.colcon_core.package_identification:Package 'my_py_amr' with type 'ros.ament_python' and name 'my_py_amr'
[0.608s] Level 1:colcon.colcon_core.package_discovery:discover_packages(recursive) using defaults
[0.608s] Level 1:colcon.colcon_core.package_discovery:discover_packages(ignore) discover
[0.608s] Level 1:colcon.colcon_core.package_discovery:discover_packages(ignore) using defaults
[0.608s] Level 1:colcon.colcon_core.package_discovery:discover_packages(path) discover
[0.608s] Level 1:colcon.colcon_core.package_discovery:discover_packages(path) using defaults
[0.662s] Level 1:colcon.colcon_core.package_discovery:discover_packages(prefix_path) check parameters
[0.663s] Level 1:colcon.colcon_core.package_discovery:discover_packages(prefix_path) discover
[0.667s] DEBUG:colcon.colcon_installed_package_information.package_discovery:Found 3 installed packages in /home/shree/ros2_ws/install
[0.669s] DEBUG:colcon.colcon_installed_package_information.package_discovery:Found 3 installed packages in /home/shree/install
[0.671s] DEBUG:colcon.colcon_installed_package_information.package_discovery:Found 1 installed packages in /home/shree/amr_ws/install
[0.676s] DEBUG:colcon.colcon_installed_package_information.package_discovery:Found 403 installed packages in /opt/ros/jazzy
[0.682s] Level 1:colcon.colcon_core.package_discovery:discover_packages(prefix_path) using defaults
[0.835s] Level 5:colcon.colcon_core.verb:set package 'my_py_amr' build argument 'cmake_args' from command line to 'None'
[0.835s] Level 5:colcon.colcon_core.verb:set package 'my_py_amr' build argument 'cmake_target' from command line to 'None'
[0.836s] Level 5:colcon.colcon_core.verb:set package 'my_py_amr' build argument 'cmake_target_skip_unavailable' from command line to 'False'
[0.836s] Level 5:colcon.colcon_core.verb:set package 'my_py_amr' build argument 'cmake_clean_cache' from command line to 'False'
[0.836s] Level 5:colcon.colcon_core.verb:set package 'my_py_amr' build argument 'cmake_clean_first' from command line to 'False'
[0.836s] Level 5:colcon.colcon_core.verb:set package 'my_py_amr' build argument 'cmake_force_configure' from command line to 'False'
[0.836s] Level 5:colcon.colcon_core.verb:set package 'my_py_amr' build argument 'ament_cmake_args' from command line to 'None'
[0.836s] Level 5:colcon.colcon_core.verb:set package 'my_py_amr' build argument 'catkin_cmake_args' from command line to 'None'
[0.836s] Level 5:colcon.colcon_core.verb:set package 'my_py_amr' build argument 'catkin_skip_building_tests' from command line to 'False'
[0.836s] DEBUG:colcon.colcon_core.verb:Building package 'my_py_amr' with the following arguments: {'ament_cmake_args': None, 'build_base': '/home/shree/ros2_ws/src1/build/my_py_amr', 'catkin_cmake_args': None, 'catkin_skip_building_tests': False, 'cmake_args': None, 'cmake_clean_cache': False, 'cmake_clean_first': False, 'cmake_force_configure': False, 'cmake_target': None, 'cmake_target_skip_unavailable': False, 'install_base': '/home/shree/ros2_ws/src1/install/my_py_amr', 'merge_install': False, 'path': '/home/shree/ros2_ws/src1/my_py_amr', 'symlink_install': False, 'test_result_base': None}
[0.837s] INFO:colcon.colcon_core.executor:Executing jobs using 'parallel' executor
[0.842s] DEBUG:colcon.colcon_parallel_executor.executor.parallel:run_until_complete
[0.844s] INFO:colcon.colcon_ros.task.ament_python.build:Building ROS package in '/home/shree/ros2_ws/src1/my_py_amr' with build type 'ament_python'
[0.844s] Level 1:colcon.colcon_core.shell:create_environment_hook('my_py_amr', 'ament_prefix_path')
[0.850s] INFO:colcon.colcon_core.plugin_system:Skipping extension 'colcon_core.shell.bat': Not used on non-Windows systems
[0.850s] INFO:colcon.colcon_core.shell:Creating environment hook '/home/shree/ros2_ws/src1/install/my_py_amr/share/my_py_amr/hook/ament_prefix_path.ps1'
[0.853s] INFO:colcon.colcon_core.shell:Creating environment descriptor '/home/shree/ros2_ws/src1/install/my_py_amr/share/my_py_amr/hook/ament_prefix_path.dsv'
[0.856s] INFO:colcon.colcon_core.shell:Creating environment hook '/home/shree/ros2_ws/src1/install/my_py_amr/share/my_py_amr/hook/ament_prefix_path.sh'
[0.859s] INFO:colcon.colcon_core.shell:Skip shell extension 'powershell' for command environment: Not usable outside of PowerShell
[0.859s] DEBUG:colcon.colcon_core.shell:Skip shell extension 'dsv' for command environment
[1.584s] INFO:colcon.colcon_core.task.python.build:Building Python package in '/home/shree/ros2_ws/src1/my_py_amr'
[1.585s] INFO:colcon.colcon_core.shell:Skip shell extension 'powershell' for command environment: Not usable outside of PowerShell
[1.585s] DEBUG:colcon.colcon_core.shell:Skip shell extension 'dsv' for command environment
[3.375s] DEBUG:colcon.colcon_core.event_handler.log_command:Invoking command in '/home/shree/ros2_ws/src1/my_py_amr': DEBUGINFOD_URLS=https://debuginfod.ubuntu.com PYTHONPATH=/home/shree/ros2_ws/src1/build/my_py_amr/prefix_override:/usr/lib/python3/dist-packages/colcon_core/task/python/colcon_distutils_commands:/home/shree/ros2_ws/src1/install/my_py_amr/lib/python3.12/site-packages:${PYTHONPATH} /usr/bin/python3 -W ignore:setup.py install is deprecated -W ignore:easy_install command is deprecated setup.py egg_info --egg-base ../build/my_py_amr build --build-base /home/shree/ros2_ws/src1/build/my_py_amr/build install --record /home/shree/ros2_ws/src1/build/my_py_amr/install.log --single-version-externally-managed install_data
[5.062s] DEBUG:colcon.colcon_core.event_handler.log_command:Invoked command in '/home/shree/ros2_ws/src1/my_py_amr' returned '0': DEBUGINFOD_URLS=https://debuginfod.ubuntu.com PYTHONPATH=/home/shree/ros2_ws/src1/build/my_py_amr/prefix_override:/usr/lib/python3/dist-packages/colcon_core/task/python/colcon_distutils_commands:/home/shree/ros2_ws/src1/install/my_py_amr/lib/python3.12/site-packages:${PYTHONPATH} /usr/bin/python3 -W ignore:setup.py install is deprecated -W ignore:easy_install command is deprecated setup.py egg_info --egg-base ../build/my_py_amr build --build-base /home/shree/ros2_ws/src1/build/my_py_amr/build install --record /home/shree/ros2_ws/src1/build/my_py_amr/install.log --single-version-externally-managed install_data
[5.069s] Level 1:colcon.colcon_core.environment:checking '/home/shree/ros2_ws/src1/install/my_py_amr' for CMake module files
[5.073s] Level 1:colcon.colcon_core.environment:checking '/home/shree/ros2_ws/src1/install/my_py_amr' for CMake config files
[5.076s] Level 1:colcon.colcon_core.environment:checking '/home/shree/ros2_ws/src1/install/my_py_amr/lib'
[5.077s] Level 1:colcon.colcon_core.environment:checking '/home/shree/ros2_ws/src1/install/my_py_amr/bin'
[5.077s] Level 1:colcon.colcon_core.environment:checking '/home/shree/ros2_ws/src1/install/my_py_amr/lib/pkgconfig/my_py_amr.pc'
[5.077s] Level 1:colcon.colcon_core.environment:checking '/home/shree/ros2_ws/src1/install/my_py_amr/lib/python3.12/site-packages'
[5.077s] Level 1:colcon.colcon_core.shell:create_environment_hook('my_py_amr', 'pythonpath')
[5.078s] INFO:colcon.colcon_core.shell:Creating environment hook '/home/shree/ros2_ws/src1/install/my_py_amr/share/my_py_amr/hook/pythonpath.ps1'
[5.078s] INFO:colcon.colcon_core.shell:Creating environment descriptor '/home/shree/ros2_ws/src1/install/my_py_amr/share/my_py_amr/hook/pythonpath.dsv'
[5.079s] INFO:colcon.colcon_core.shell:Creating environment hook '/home/shree/ros2_ws/src1/install/my_py_amr/share/my_py_amr/hook/pythonpath.sh'
[5.080s] Level 1:colcon.colcon_core.environment:checking '/home/shree/ros2_ws/src1/install/my_py_amr/bin'
[5.080s] Level 1:colcon.colcon_core.environment:create_environment_scripts_only(my_py_amr)
[5.081s] INFO:colcon.colcon_core.shell:Creating package script '/home/shree/ros2_ws/src1/install/my_py_amr/share/my_py_amr/package.ps1'
[5.084s] INFO:colcon.colcon_core.shell:Creating package descriptor '/home/shree/ros2_ws/src1/install/my_py_amr/share/my_py_amr/package.dsv'
[5.086s] INFO:colcon.colcon_core.shell:Creating package script '/home/shree/ros2_ws/src1/install/my_py_amr/share/my_py_amr/package.sh'
[5.090s] INFO:colcon.colcon_core.shell:Creating package script '/home/shree/ros2_ws/src1/install/my_py_amr/share/my_py_amr/package.bash'
[5.093s] INFO:colcon.colcon_core.shell:Creating package script '/home/shree/ros2_ws/src1/install/my_py_amr/share/my_py_amr/package.zsh'
[5.094s] Level 1:colcon.colcon_core.environment:create_file_with_runtime_dependencies(/home/shree/ros2_ws/src1/install/my_py_amr/share/colcon-core/packages/my_py_amr)
[5.095s] DEBUG:colcon.colcon_parallel_executor.executor.parallel:closing loop
[5.095s] DEBUG:colcon.colcon_parallel_executor.executor.parallel:loop closed
[5.095s] DEBUG:colcon.colcon_parallel_executor.executor.parallel:run_until_complete finished with '0'
[5.096s] DEBUG:colcon.colcon_core.event_reactor:joining thread
[5.115s] INFO:colcon.colcon_core.plugin_system:Skipping extension 'colcon_notification.desktop_notification.terminal_notifier': Not used on non-Darwin systems
[5.115s] INFO:colcon.colcon_core.plugin_system:Skipping extension 'colcon_notification.desktop_notification.win32': Not used on non-Windows systems
[5.116s] INFO:colcon.colcon_notification.desktop_notification:Sending desktop notification using 'notify2'
[5.166s] DEBUG:colcon.colcon_core.event_reactor:joined thread
[5.166s] INFO:colcon.colcon_core.shell:Creating prefix script '/home/shree/ros2_ws/src1/install/local_setup.ps1'
[5.168s] INFO:colcon.colcon_core.shell:Creating prefix util module '/home/shree/ros2_ws/src1/install/_local_setup_util_ps1.py'
[5.169s] INFO:colcon.colcon_core.shell:Creating prefix chain script '/home/shree/ros2_ws/src1/install/setup.ps1'
[5.169s] INFO:colcon.colcon_core.shell:Creating prefix script '/home/shree/ros2_ws/src1/install/local_setup.sh'
[5.170s] INFO:colcon.colcon_core.shell:Creating prefix util module '/home/shree/ros2_ws/src1/install/_local_setup_util_sh.py'
[5.171s] INFO:colcon.colcon_core.shell:Creating prefix chain script '/home/shree/ros2_ws/src1/install/setup.sh'
[5.175s] INFO:colcon.colcon_core.shell:Creating prefix script '/home/shree/ros2_ws/src1/install/local_setup.bash'
[5.176s] INFO:colcon.colcon_core.shell:Creating prefix chain script '/home/shree/ros2_ws/src1/install/setup.bash'
[5.178s] INFO:colcon.colcon_core.shell:Creating prefix script '/home/shree/ros2_ws/src1/install/local_setup.zsh'
[5.179s] INFO:colcon.colcon_core.shell:Creating prefix chain script '/home/shree/ros2_ws/src1/install/setup.zsh'
