[0.686s] Invoking command in '/home/shree/ros2_ws/src1/my_py_amr': DEBUGINFOD_URLS=https://debuginfod.ubuntu.com PYTHONPATH=/home/shree/ros2_ws/src1/build/my_py_amr/prefix_override:/usr/lib/python3/dist-packages/colcon_core/task/python/colcon_distutils_commands:/home/shree/ros2_ws/src1/install/my_py_amr/lib/python3.12/site-packages:${PYTHONPATH} /usr/bin/python3 -W ignore:setup.py install is deprecated -W ignore:easy_install command is deprecated setup.py egg_info --egg-base ../build/my_py_amr build --build-base /home/shree/ros2_ws/src1/build/my_py_amr/build install --record /home/shree/ros2_ws/src1/build/my_py_amr/install.log --single-version-externally-managed install_data
[0.852s] running egg_info
[0.863s] writing ../build/my_py_amr/my_py_amr.egg-info/PKG-INFO
[0.864s] writing dependency_links to ../build/my_py_amr/my_py_amr.egg-info/dependency_links.txt
[0.864s] writing entry points to ../build/my_py_amr/my_py_amr.egg-info/entry_points.txt
[0.864s] writing requirements to ../build/my_py_amr/my_py_amr.egg-info/requires.txt
[0.864s] writing top-level names to ../build/my_py_amr/my_py_amr.egg-info/top_level.txt
[0.888s] reading manifest file '../build/my_py_amr/my_py_amr.egg-info/SOURCES.txt'
[0.889s] writing manifest file '../build/my_py_amr/my_py_amr.egg-info/SOURCES.txt'
[0.889s] running build
[0.889s] running build_py
[0.889s] copying my_py_amr/image_to_occupancy.py -> /home/shree/ros2_ws/src1/build/my_py_amr/build/lib/my_py_amr
[0.890s] running install
[0.894s] running install_lib
[0.906s] copying /home/shree/ros2_ws/src1/build/my_py_amr/build/lib/my_py_amr/image_to_occupancy.py -> /home/shree/ros2_ws/src1/install/my_py_amr/lib/python3.12/site-packages/my_py_amr
[0.906s] byte-compiling /home/shree/ros2_ws/src1/install/my_py_amr/lib/python3.12/site-packages/my_py_amr/image_to_occupancy.py to image_to_occupancy.cpython-312.pyc
[0.907s] running install_data
[0.907s] copying package.xml -> /home/shree/ros2_ws/src1/install/my_py_amr/share/my_py_amr
[0.908s] copying launch/camera_bridge_launch.py -> /home/shree/ros2_ws/src1/install/my_py_amr/share/my_py_amr/launch
[0.908s] copying params/nav2_params.yaml -> /home/shree/ros2_ws/src1/install/my_py_amr/share/my_py_amr/params
[0.908s] running install_egg_info
[0.921s] removing '/home/shree/ros2_ws/src1/install/my_py_amr/lib/python3.12/site-packages/my_py_amr-0.0.0-py3.12.egg-info' (and everything under it)
[0.921s] Copying ../build/my_py_amr/my_py_amr.egg-info to /home/shree/ros2_ws/src1/install/my_py_amr/lib/python3.12/site-packages/my_py_amr-0.0.0-py3.12.egg-info
[0.921s] running install_scripts
[1.004s] Installing camera_bridge script to /home/shree/ros2_ws/src1/install/my_py_amr/lib/my_py_amr
[1.004s] Installing image_to_occupancy script to /home/shree/ros2_ws/src1/install/my_py_amr/lib/my_py_amr
[1.004s] Installing top_down_marker_tf script to /home/shree/ros2_ws/src1/install/my_py_amr/lib/my_py_amr
[1.004s] writing list of installed files to '/home/shree/ros2_ws/src1/build/my_py_amr/install.log'
[1.025s] Invoked command in '/home/shree/ros2_ws/src1/my_py_amr' returned '0': DEBUGINFOD_URLS=https://debuginfod.ubuntu.com PYTHONPATH=/home/shree/ros2_ws/src1/build/my_py_amr/prefix_override:/usr/lib/python3/dist-packages/colcon_core/task/python/colcon_distutils_commands:/home/shree/ros2_ws/src1/install/my_py_amr/lib/python3.12/site-packages:${PYTHONPATH} /usr/bin/python3 -W ignore:setup.py install is deprecated -W ignore:easy_install command is deprecated setup.py egg_info --egg-base ../build/my_py_amr build --build-base /home/shree/ros2_ws/src1/build/my_py_amr/build install --record /home/shree/ros2_ws/src1/build/my_py_amr/install.log --single-version-externally-managed install_data
